Using pre-set license
Built from '2020.3/staging' branch; Version is '2020.3.39f1 (fd6670bb8be9) revision 16606832'; Using compiler version '192528614'; Build Type 'Release'
OS: 'Windows 11  (10.0.22000) 64bit Professional' Language: 'en' Physical Memory: 32721 MB
BatchMode: 1, IsHumanControllingUs: 0, StartBugReporterOnCrash: 0, Is64bit: 1, IsPro: 0

COMMAND LINE ARGUMENTS:
D:\Unity\2020.3.39f1\Editor\Unity.exe
-adb2
-batchMode
-noUpm
-name
AssetImportWorker0
-projectPath
E:/Dev/!Uni/VR-Project/CMP3754M-VREnvironment/VR-Start-XRIT-2022-Unity2020
-logFile
Logs/AssetImportWorker0.log
-srvPort
50248
Successfully changed project path to: E:/Dev/!Uni/VR-Project/CMP3754M-VREnvironment/VR-Start-XRIT-2022-Unity2020
E:/Dev/!Uni/VR-Project/CMP3754M-VREnvironment/VR-Start-XRIT-2022-Unity2020
Using Asset Import Pipeline V2.
Refreshing native plugins compatible for Editor in 86.86 ms, found 11 plugins.
Preloading 1 native plugins for Editor in 1.35 ms.
Initialize engine version: 2020.3.39f1 (fd6670bb8be9)
[Subsystems] Discovering subsystems at path D:/Unity/2020.3.39f1/Editor/Data/Resources/UnitySubsystems
[Subsystems] Discovering subsystems at path E:/Dev/!Uni/VR-Project/CMP3754M-VREnvironment/VR-Start-XRIT-2022-Unity2020/Assets
GfxDevice: creating device client; threaded=0
Direct3D:
    Version:  Direct3D 11.0 [level 11.1]
    Renderer: Radeon RX 580 Series (ID=0x67df)
    Vendor:   
    VRAM:     8170 MB
    Driver:   31.0.12019.11001
Initialize mono
Mono path[0] = 'D:/Unity/2020.3.39f1/Editor/Data/Managed'
Mono path[1] = 'D:/Unity/2020.3.39f1/Editor/Data/MonoBleedingEdge/lib/mono/unityjit'
Mono config path = 'D:/Unity/2020.3.39f1/Editor/Data/MonoBleedingEdge/etc'
Using monoOptions --debugger-agent=transport=dt_socket,embedding=1,server=y,suspend=n,address=127.0.0.1:56844
Begin MonoManager ReloadAssembly
Registering precompiled unity dll's ...
Register platform support module: D:/Unity/2020.3.39f1/Editor/Data/PlaybackEngines/WindowsStandaloneSupport/UnityEditor.WindowsStandalone.Extensions.dll
Registered in 0.001142 seconds.
Native extension for WindowsStandalone target not found
Refreshing native plugins compatible for Editor in 47.65 ms, found 11 plugins.
Preloading 1 native plugins for Editor in 0.05 ms.
Mono: successfully reloaded assembly
- Completed reload, in  0.654 seconds
Domain Reload Profiling:
	ReloadAssembly (654ms)
		BeginReloadAssembly (81ms)
			ExecutionOrderSort (0ms)
			DisableScriptedObjects (0ms)
			BackupInstance (0ms)
			ReleaseScriptingObjects (0ms)
			CreateAndSetChildDomain (1ms)
		EndReloadAssembly (501ms)
			LoadAssemblies (80ms)
			RebuildTransferFunctionScriptingTraits (0ms)
			SetupTypeCache (153ms)
			ReleaseScriptCaches (0ms)
			RebuildScriptCaches (32ms)
			SetupLoadedEditorAssemblies (183ms)
				LogAssemblyErrors (0ms)
				InitializePlatformSupportModulesInManaged (4ms)
				SetLoadedEditorAssemblies (0ms)
				RefreshPlugins (48ms)
				BeforeProcessingInitializeOnLoad (15ms)
				ProcessInitializeOnLoadAttributes (87ms)
				ProcessInitializeOnLoadMethodAttributes (29ms)
				AfterProcessingInitializeOnLoad (0ms)
				EditorAssembliesLoaded (0ms)
			ExecutionOrderSort2 (0ms)
			AwakeInstancesAfterBackupRestoration (0ms)
Platform modules already initialized, skipping
Registering precompiled user dll's ...
Registered in 0.008226 seconds.
Begin MonoManager ReloadAssembly
Native extension for WindowsStandalone target not found
Refreshing native plugins compatible for Editor in 48.28 ms, found 11 plugins.
Preloading 1 native plugins for Editor in 0.06 ms.
[XR] OculusXRPlugin: registering subsystems
[XR] Unable to register display lifecyle provider: [1]
[XR] Oculus Input lifecycle provider registered.
[XR] Unable to register input lifecyle provider: [1]
System.Reflection.TargetInvocationException: Exception has been thrown by the target of an invocation. ---> System.NullReferenceException: Object reference not set to an instance of an object
  at Unity.XR.Oculus.OculusLoader.AssetPathToAbsolutePath (System.String assetPath) [0x00048] in E:\Dev\!Uni\VR-Project\CMP3754M-VREnvironment\VR-Start-XRIT-2022-Unity2020\Library\PackageCache\com.unity.xr.oculus@1.12.1\Runtime\OculusLoader.cs:265 
  at Unity.XR.Oculus.OculusLoader.EditorLoadOVRPlugin () [0x0007b] in E:\Dev\!Uni\VR-Project\CMP3754M-VREnvironment\VR-Start-XRIT-2022-Unity2020\Library\PackageCache\com.unity.xr.oculus@1.12.1\Runtime\OculusLoader.cs:250 
  at (wrapper managed-to-native) System.Reflection.MonoMethod.InternalInvoke(System.Reflection.MonoMethod,object,object[],System.Exception&)
  at System.Reflection.MonoMethod.Invoke (System.Object obj, System.Reflection.BindingFlags invokeAttr, System.Reflection.Binder binder, System.Object[] parameters, System.Globalization.CultureInfo culture) [0x00032] in <695d1cc93cca45069c528c15c9fdd749>:0 
   --- End of inner exception stack trace ---
  at System.Reflection.MonoMethod.Invoke (System.Object obj, System.Reflection.BindingFlags invokeAttr, System.Reflection.Binder binder, System.Object[] parameters, System.Globalization.CultureInfo culture) [0x00048] in <695d1cc93cca45069c528c15c9fdd749>:0 
  at System.Reflection.MethodBase.Invoke (System.Object obj, System.Object[] parameters) [0x00000] in <695d1cc93cca45069c528c15c9fdd749>:0 
  at UnityEditor.EditorAssemblies.ProcessInitializeOnLoadMethodAttributes () [0x00047] in <744208b08e5641cc88f88825989c3044>:0 
UnityEngine.StackTraceUtility:ExtractStackTrace ()
UnityEngine.DebugLogHandler:LogFormat (UnityEngine.LogType,UnityEngine.Object,string,object[])
UnityEngine.Logger:Log (UnityEngine.LogType,object)
UnityEngine.Debug:LogError (object)
UnityEditor.EditorAssemblies:ProcessInitializeOnLoadMethodAttributes ()

Mono: successfully reloaded assembly
- Completed reload, in  1.267 seconds
Domain Reload Profiling:
	ReloadAssembly (1269ms)
		BeginReloadAssembly (175ms)
			ExecutionOrderSort (0ms)
			DisableScriptedObjects (6ms)
			BackupInstance (0ms)
			ReleaseScriptingObjects (0ms)
			CreateAndSetChildDomain (18ms)
		EndReloadAssembly (1032ms)
			LoadAssemblies (127ms)
			RebuildTransferFunctionScriptingTraits (0ms)
			SetupTypeCache (307ms)
			ReleaseScriptCaches (1ms)
			RebuildScriptCaches (55ms)
			SetupLoadedEditorAssemblies (434ms)
				LogAssemblyErrors (0ms)
				InitializePlatformSupportModulesInManaged (3ms)
				SetLoadedEditorAssemblies (0ms)
				RefreshPlugins (48ms)
				BeforeProcessingInitializeOnLoad (87ms)
				ProcessInitializeOnLoadAttributes (259ms)
				ProcessInitializeOnLoadMethodAttributes (32ms)
				AfterProcessingInitializeOnLoad (3ms)
				EditorAssembliesLoaded (0ms)
			ExecutionOrderSort2 (0ms)
			AwakeInstancesAfterBackupRestoration (1ms)
Platform modules already initialized, skipping
========================================================================
Worker process is ready to serve import requests
Launched and connected shader compiler UnityShaderCompiler.exe after 0.04 seconds
Refreshing native plugins compatible for Editor in 0.81 ms, found 11 plugins.
Preloading 1 native plugins for Editor in 0.06 ms.
Unloading 2400 Unused Serialized files (Serialized files now loaded: 0)
System memory in use before: 103.3 MB.
System memory in use after: 103.5 MB.

Unloading 38 unused Assets to reduce memory usage. Loaded Objects now: 2822.
Total: 3.676300 ms (FindLiveObjects: 0.231500 ms CreateObjectMapping: 0.059300 ms MarkObjects: 3.280400 ms  DeleteObjects: 0.103800 ms)

AssetImportParameters requested are different than current active one (requested -> active):
  custom:framework-win-MediaFoundation: 216162199b28c13a410421893ffa2e32 -> 
  custom:video-decoder-ogg-theora: a1e56fd34408186e4bbccfd4996cb3dc -> 
  custom:container-muxer-webm: aa71ff27fc2769a1b78a27578f13a17b -> 
  custom:container-demuxer-webm: 4f35f7cbe854078d1ac9338744f61a02 -> 
  custom:container-demuxer-ogg: 62fdf1f143b41e24485cea50d1cbac27 -> 
  custom:video-encoder-webm-vp8: eb34c28f22e8b96e1ab97ce403110664 -> 
  custom:video-decoder-webm-vp8: 9c59270c3fd7afecdb556c50c9e8de78 -> 
  custom:audio-decoder-ogg-vorbis: bf7c407c2cedff20999df2af8eb42d56 -> 
  custom:audio-encoder-webm-vorbis: bf7c407c2cedff20999df2af8eb42d56 -> 
========================================================================
Received Import Request.
  path: Assets/Scenery.prefab
  artifactKey: Guid(26e7eb897190308429d16f57c966974a) Importer(815301076,1909f56bfc062723c751e8b465ee728b)
Start importing Assets/Scenery.prefab using Guid(26e7eb897190308429d16f57c966974a) Importer(815301076,1909f56bfc062723c751e8b465ee728b)  -> (artifact id: '4acc57f9884eca46e516aed6c5804fbf') in 0.174423 seconds 
========================================================================
Received Import Request.
  Time since last request: 17.294919 seconds.
  path: Assets/Materials
  artifactKey: Guid(1c5ab42ddc9dfc74397161373ed786b1) Importer(815301076,1909f56bfc062723c751e8b465ee728b)
Start importing Assets/Materials using Guid(1c5ab42ddc9dfc74397161373ed786b1) Importer(815301076,1909f56bfc062723c751e8b465ee728b)  -> (artifact id: 'f23525b6eb638625bc40a7fdb38f81d4') in 0.005241 seconds 
========================================================================
Received Import Request.
  Time since last request: 496.132801 seconds.
  path: Assets/European Buildings
  artifactKey: Guid(445112fcd13ee084a8440229af621274) Importer(815301076,1909f56bfc062723c751e8b465ee728b)
Start importing Assets/European Buildings using Guid(445112fcd13ee084a8440229af621274) Importer(815301076,1909f56bfc062723c751e8b465ee728b)  -> (artifact id: '35d422357ea9da0520e8a6dc6eb78b28') in 0.006628 seconds 
========================================================================
Received Import Request.
  Time since last request: 1.322053 seconds.
  path: Assets/European Buildings/Decorations
  artifactKey: Guid(9e1a5c3039bb79c47b0dff133cbb7358) Importer(815301076,1909f56bfc062723c751e8b465ee728b)
Start importing Assets/European Buildings/Decorations using Guid(9e1a5c3039bb79c47b0dff133cbb7358) Importer(815301076,1909f56bfc062723c751e8b465ee728b)  -> (artifact id: 'e2613437a937b5bb9b6313487e1e0486') in 0.006045 seconds 
========================================================================
Received Import Request.
  Time since last request: 3.236277 seconds.
  path: Assets/European Buildings/Decorations/road_intersection_T.prefab
  artifactKey: Guid(0e54e929b4b02524ea00279b82ab4a6e) Importer(815301076,1909f56bfc062723c751e8b465ee728b)
Start importing Assets/European Buildings/Decorations/road_intersection_T.prefab using Guid(0e54e929b4b02524ea00279b82ab4a6e) Importer(815301076,1909f56bfc062723c751e8b465ee728b)  -> (artifact id: '1c3a294e6eff6f729221b26eec86710b') in 0.015327 seconds 
========================================================================
Received Import Request.
  Time since last request: 304.522993 seconds.
  path: Assets/Animators
  artifactKey: Guid(b35dbd3525ba576419e461d8900f69f8) Importer(815301076,1909f56bfc062723c751e8b465ee728b)
Start importing Assets/Animators using Guid(b35dbd3525ba576419e461d8900f69f8) Importer(815301076,1909f56bfc062723c751e8b465ee728b)  -> (artifact id: '9ff7692eb82419d2d1b66b513314f4d2') in 0.007441 seconds 
========================================================================
Received Import Request.
  Time since last request: 0.282453 seconds.
  path: Assets/Scenes
  artifactKey: Guid(f171012a75d11b147b647560c927c839) Importer(815301076,1909f56bfc062723c751e8b465ee728b)
Start importing Assets/Scenes using Guid(f171012a75d11b147b647560c927c839) Importer(815301076,1909f56bfc062723c751e8b465ee728b)  -> (artifact id: '130e02a5b05dcf3c5adc8dba3b81e204') in 0.007378 seconds 
========================================================================
Received Import Request.
  Time since last request: 0.964849 seconds.
  path: Assets/Simple city plain
  artifactKey: Guid(c6a4aacc9c987a749bc9ef283ebb59bc) Importer(815301076,1909f56bfc062723c751e8b465ee728b)
Start importing Assets/Simple city plain using Guid(c6a4aacc9c987a749bc9ef283ebb59bc) Importer(815301076,1909f56bfc062723c751e8b465ee728b)  -> (artifact id: 'a5547dda447e2a3c77f6fa1a66310a2f') in 0.006633 seconds 
========================================================================
Received Import Request.
  Time since last request: 1.750791 seconds.
  path: Assets/Simple city plain/Prefabs
  artifactKey: Guid(9b3f41c9510b3cd43a8766a508dc6635) Importer(815301076,1909f56bfc062723c751e8b465ee728b)
Start importing Assets/Simple city plain/Prefabs using Guid(9b3f41c9510b3cd43a8766a508dc6635) Importer(815301076,1909f56bfc062723c751e8b465ee728b)  -> (artifact id: '60bf2bc53ed59d2a46cea93c2c520f29') in 0.006927 seconds 
========================================================================
Received Import Request.
  Time since last request: 221.827417 seconds.
  path: Assets/Simple city plain/Prefabs/Building_I_2_Prefab.prefab
  artifactKey: Guid(1e198ff9400b5064c816d8f779eff296) Importer(815301076,1909f56bfc062723c751e8b465ee728b)
Start importing Assets/Simple city plain/Prefabs/Building_I_2_Prefab.prefab using Guid(1e198ff9400b5064c816d8f779eff296) Importer(815301076,1909f56bfc062723c751e8b465ee728b)  -> (artifact id: 'ca854cca0b48b30a5fb3d7777828de37') in 0.018353 seconds 
========================================================================
Received Import Request.
  Time since last request: 181.452367 seconds.
  path: Assets/Simple city plain/Prefabs/Building_M_prefab.prefab
  artifactKey: Guid(84bb406b82cecb24cb1ffe5d4359339d) Importer(815301076,1909f56bfc062723c751e8b465ee728b)
Start importing Assets/Simple city plain/Prefabs/Building_M_prefab.prefab using Guid(84bb406b82cecb24cb1ffe5d4359339d) Importer(815301076,1909f56bfc062723c751e8b465ee728b)  -> (artifact id: 'cd032732bdad27ca77434827b4402321') in 0.017252 seconds 
========================================================================
Received Import Request.
  Time since last request: 0.795996 seconds.
  path: Assets/Simple city plain/Prefabs/Building_I_1_prefab.prefab
  artifactKey: Guid(931ecb32d754b3f40afc9a688c8cea66) Importer(815301076,1909f56bfc062723c751e8b465ee728b)
Start importing Assets/Simple city plain/Prefabs/Building_I_1_prefab.prefab using Guid(931ecb32d754b3f40afc9a688c8cea66) Importer(815301076,1909f56bfc062723c751e8b465ee728b)  -> (artifact id: '02d50a1331ab3073512ff800a97fda24') in 0.018881 seconds 
========================================================================
Received Import Request.
  Time since last request: 174.845889 seconds.
  path: Assets/Simple city plain/Mesh
  artifactKey: Guid(39267b5f31008cb4a9a2e2a2a7adcb4b) Importer(815301076,1909f56bfc062723c751e8b465ee728b)
Start importing Assets/Simple city plain/Mesh using Guid(39267b5f31008cb4a9a2e2a2a7adcb4b) Importer(815301076,1909f56bfc062723c751e8b465ee728b)  -> (artifact id: '5bc8953b3bf5d43c76956373d7f58a70') in 0.006008 seconds 
========================================================================
Received Import Request.
  Time since last request: 2.023817 seconds.
  path: Assets/Simple city plain/Material & Texture
  artifactKey: Guid(303261bbfeb508d44b9dd651e94c3611) Importer(815301076,1909f56bfc062723c751e8b465ee728b)
Start importing Assets/Simple city plain/Material & Texture using Guid(303261bbfeb508d44b9dd651e94c3611) Importer(815301076,1909f56bfc062723c751e8b465ee728b)  -> (artifact id: '5428e9fe79343267094f37b07543f1f0') in 0.005942 seconds 
========================================================================
Received Import Request.
  Time since last request: 2.964880 seconds.
  path: Assets/Simple city plain/Material & Texture/color_windows
  artifactKey: Guid(78b377d81b1300248b8a44bf8b46ca01) Importer(815301076,1909f56bfc062723c751e8b465ee728b)
Start importing Assets/Simple city plain/Material & Texture/color_windows using Guid(78b377d81b1300248b8a44bf8b46ca01) Importer(815301076,1909f56bfc062723c751e8b465ee728b)  -> (artifact id: '02c591f15fa984f2215de05e14b14fd5') in 0.006337 seconds 
========================================================================
Received Import Request.
  Time since last request: 0.314853 seconds.
  path: Assets/Simple city plain/Material & Texture/Colors_buildings
  artifactKey: Guid(bf61a2997700b9e449a9c2898e7dbb81) Importer(815301076,1909f56bfc062723c751e8b465ee728b)
Start importing Assets/Simple city plain/Material & Texture/Colors_buildings using Guid(bf61a2997700b9e449a9c2898e7dbb81) Importer(815301076,1909f56bfc062723c751e8b465ee728b)  -> (artifact id: 'ef83abb35cceff33ee9d49d64e1817af') in 0.007232 seconds 
========================================================================
Received Import Request.
  Time since last request: 40.894630 seconds.
  path: Assets/European Buildings/Buildings
  artifactKey: Guid(f6615c907b1ad4b4f85b9e7f60470594) Importer(815301076,1909f56bfc062723c751e8b465ee728b)
Start importing Assets/European Buildings/Buildings using Guid(f6615c907b1ad4b4f85b9e7f60470594) Importer(815301076,1909f56bfc062723c751e8b465ee728b)  -> (artifact id: 'c12bd4c71a827d1138add66f75c07dcc') in 0.006301 seconds 
========================================================================
Received Import Request.
  Time since last request: 0.635672 seconds.
  path: Assets/European Buildings/Buildings/building_1.prefab
  artifactKey: Guid(4531f4941a67045459499f23ed5bc711) Importer(815301076,1909f56bfc062723c751e8b465ee728b)
Start importing Assets/European Buildings/Buildings/building_1.prefab using Guid(4531f4941a67045459499f23ed5bc711) Importer(815301076,1909f56bfc062723c751e8b465ee728b)  -> (artifact id: '41e7aee85cb0b7c409bed30a89c47627') in 0.016084 seconds 
========================================================================
Received Import Request.
  Time since last request: 3.968077 seconds.
  path: Assets/European Buildings/Buildings/building_6.prefab
  artifactKey: Guid(62b590143d8a1f841b1ff8d5536f0676) Importer(815301076,1909f56bfc062723c751e8b465ee728b)
Start importing Assets/European Buildings/Buildings/building_6.prefab using Guid(62b590143d8a1f841b1ff8d5536f0676) Importer(815301076,1909f56bfc062723c751e8b465ee728b)  -> (artifact id: '2746365697839777a670abc78a221ac1') in 0.016049 seconds 
========================================================================
Received Import Request.
  Time since last request: 0.731335 seconds.
  path: Assets/European Buildings/Buildings/building_8.prefab
  artifactKey: Guid(e8bf8a360364d0948a2f6427cf3cc569) Importer(815301076,1909f56bfc062723c751e8b465ee728b)
Start importing Assets/European Buildings/Buildings/building_8.prefab using Guid(e8bf8a360364d0948a2f6427cf3cc569) Importer(815301076,1909f56bfc062723c751e8b465ee728b)  -> (artifact id: 'b3f3aed758ba4acaac0270ce2b33fa71') in 0.016640 seconds 
========================================================================
Received Import Request.
  Time since last request: 1.527292 seconds.
  path: Assets/European Buildings/Buildings/building_7.prefab
  artifactKey: Guid(052d9e2fb5dbfda48a537e0e649e3325) Importer(815301076,1909f56bfc062723c751e8b465ee728b)
Start importing Assets/European Buildings/Buildings/building_7.prefab using Guid(052d9e2fb5dbfda48a537e0e649e3325) Importer(815301076,1909f56bfc062723c751e8b465ee728b)  -> (artifact id: '232b178487db45a955986c88b168886a') in 0.024552 seconds 
========================================================================
Received Import Request.
  Time since last request: 1.605215 seconds.
  path: Assets/European Buildings/Buildings/building_5.prefab
  artifactKey: Guid(49dbc362fdf0c7a49a3d5e436f8d6031) Importer(815301076,1909f56bfc062723c751e8b465ee728b)
Start importing Assets/European Buildings/Buildings/building_5.prefab using Guid(49dbc362fdf0c7a49a3d5e436f8d6031) Importer(815301076,1909f56bfc062723c751e8b465ee728b)  -> (artifact id: 'eb3abbf0c4edb84054b3fa91e9373d99') in 0.016480 seconds 
========================================================================
Received Import Request.
  Time since last request: 49.672257 seconds.
  path: Assets/European Buildings/Buildings/building_2.prefab
  artifactKey: Guid(d8c4bc004abb4fb428be3467211cea9c) Importer(815301076,1909f56bfc062723c751e8b465ee728b)
Start importing Assets/European Buildings/Buildings/building_2.prefab using Guid(d8c4bc004abb4fb428be3467211cea9c) Importer(815301076,1909f56bfc062723c751e8b465ee728b)  -> (artifact id: 'b775824fefe10116d3a76e2bbf73140d') in 0.016467 seconds 
========================================================================
Received Import Request.
  Time since last request: 2.883622 seconds.
  path: Assets/European Buildings/FBX
  artifactKey: Guid(1c5fb1f8932ee9848ac4d376ad97b3a3) Importer(815301076,1909f56bfc062723c751e8b465ee728b)
Start importing Assets/European Buildings/FBX using Guid(1c5fb1f8932ee9848ac4d376ad97b3a3) Importer(815301076,1909f56bfc062723c751e8b465ee728b)  -> (artifact id: '4a76b0343049693c1815d32d6d4146d8') in 0.005987 seconds 
========================================================================
Received Import Request.
  Time since last request: 1.182251 seconds.
  path: Assets/European Buildings/FBX/bench_1_v_3.fbx
  artifactKey: Guid(c692ea7bbde4c614aab0b82a35366854) Importer(815301076,1909f56bfc062723c751e8b465ee728b)
Start importing Assets/European Buildings/FBX/bench_1_v_3.fbx using Guid(c692ea7bbde4c614aab0b82a35366854) Importer(815301076,1909f56bfc062723c751e8b465ee728b)  -> (artifact id: '4631b39b8d0c6ad1ba657e718a666756') in 0.058279 seconds 
========================================================================
Received Import Request.
  Time since last request: 0.998057 seconds.
  path: Assets/European Buildings/FBX/chair.fbx
  artifactKey: Guid(796d369d8ad4a0a409c12d4f1cd6dad7) Importer(815301076,1909f56bfc062723c751e8b465ee728b)
Start importing Assets/European Buildings/FBX/chair.fbx using Guid(796d369d8ad4a0a409c12d4f1cd6dad7) Importer(815301076,1909f56bfc062723c751e8b465ee728b)  -> (artifact id: '3e48beae9ce3326ee0c4282698c46630') in 0.019148 seconds 
========================================================================
Received Import Request.
  Time since last request: 20.786018 seconds.
  path: Assets/Simple city plain/Prefabs/Big_trash_bin prefab.prefab
  artifactKey: Guid(331560f2206dc024cb084301a19c05ad) Importer(815301076,1909f56bfc062723c751e8b465ee728b)
Start importing Assets/Simple city plain/Prefabs/Big_trash_bin prefab.prefab using Guid(331560f2206dc024cb084301a19c05ad) Importer(815301076,1909f56bfc062723c751e8b465ee728b)  -> (artifact id: '67446afecad49c1f99ccdd9a0a408009') in 0.016896 seconds 
========================================================================
Received Import Request.
  Time since last request: 2.153465 seconds.
  path: Assets/Simple city plain/Prefabs/Building_A1_prefab.prefab
  artifactKey: Guid(562df8355904213468a690c4ce6740b6) Importer(815301076,1909f56bfc062723c751e8b465ee728b)
Start importing Assets/Simple city plain/Prefabs/Building_A1_prefab.prefab using Guid(562df8355904213468a690c4ce6740b6) Importer(815301076,1909f56bfc062723c751e8b465ee728b)  -> (artifact id: 'fe53d0fede24184b3eb6858383feec68') in 0.019072 seconds 
========================================================================
Received Import Request.
  Time since last request: 1.300017 seconds.
  path: Assets/Simple city plain/Prefabs/ColaMachine prefab.prefab
  artifactKey: Guid(2bf7da734f1a8224fb14055902b5b343) Importer(815301076,1909f56bfc062723c751e8b465ee728b)
Start importing Assets/Simple city plain/Prefabs/ColaMachine prefab.prefab using Guid(2bf7da734f1a8224fb14055902b5b343) Importer(815301076,1909f56bfc062723c751e8b465ee728b)  -> (artifact id: '7665b5c4e9e6fa01adfb395b01ad539e') in 0.021891 seconds 
========================================================================
Received Import Request.
  Time since last request: 0.894136 seconds.
  path: Assets/Simple city plain/Prefabs/Gas_station_A_PREFAB.prefab
  artifactKey: Guid(01bbe20c855564648b02e0092e511cac) Importer(815301076,1909f56bfc062723c751e8b465ee728b)
Start importing Assets/Simple city plain/Prefabs/Gas_station_A_PREFAB.prefab using Guid(01bbe20c855564648b02e0092e511cac) Importer(815301076,1909f56bfc062723c751e8b465ee728b)  -> (artifact id: '2c77f8eb594be89f943ae3b291e6a86a') in 0.039471 seconds 
========================================================================
Received Import Request.
  Time since last request: 1.674845 seconds.
  path: Assets/Simple city plain/Prefabs/Grass Prefab.prefab
  artifactKey: Guid(7446a392a730ac14d9cc70d21cf7ace0) Importer(815301076,1909f56bfc062723c751e8b465ee728b)
Start importing Assets/Simple city plain/Prefabs/Grass Prefab.prefab using Guid(7446a392a730ac14d9cc70d21cf7ace0) Importer(815301076,1909f56bfc062723c751e8b465ee728b)  -> (artifact id: '681c17cf194811a8e554ba0bf87b8316') in 0.014217 seconds 
========================================================================
Received Import Request.
  Time since last request: 1.612990 seconds.
  path: Assets/Simple city plain/Prefabs/Pot_tree prefab.prefab
  artifactKey: Guid(8e00364320862a746a6e67a5af5e5979) Importer(815301076,1909f56bfc062723c751e8b465ee728b)
Start importing Assets/Simple city plain/Prefabs/Pot_tree prefab.prefab using Guid(8e00364320862a746a6e67a5af5e5979) Importer(815301076,1909f56bfc062723c751e8b465ee728b)  -> (artifact id: 'fea7997c13e906efdbd0ad54451fbcec') in 0.191227 seconds 
========================================================================
Received Import Request.
  Time since last request: 0.221512 seconds.
  path: Assets/Simple city plain/Prefabs/Sideway Prefab.prefab
  artifactKey: Guid(a9da80f587bbf9046aefc4a4cfb8a7fc) Importer(815301076,1909f56bfc062723c751e8b465ee728b)
Start importing Assets/Simple city plain/Prefabs/Sideway Prefab.prefab using Guid(a9da80f587bbf9046aefc4a4cfb8a7fc) Importer(815301076,1909f56bfc062723c751e8b465ee728b)  -> (artifact id: '4146aa1cddfc2106010c149b32a3c1c0') in 0.015624 seconds 
========================================================================
Received Import Request.
  Time since last request: 1.716807 seconds.
  path: Assets/Simple city plain/Prefabs/Stone Floor prefab.prefab
  artifactKey: Guid(ffa4d200e6c7d9c4b90b3764b7ed86d4) Importer(815301076,1909f56bfc062723c751e8b465ee728b)
Start importing Assets/Simple city plain/Prefabs/Stone Floor prefab.prefab using Guid(ffa4d200e6c7d9c4b90b3764b7ed86d4) Importer(815301076,1909f56bfc062723c751e8b465ee728b)  -> (artifact id: 'ae08f012d3bd6176a53bd155c527334b') in 0.014480 seconds 
========================================================================
Received Import Request.
  Time since last request: 2.065234 seconds.
  path: Assets/Simple city plain/Prefabs/Street 3 Prefab.prefab
  artifactKey: Guid(2224b63330275e5478ef024b2913f937) Importer(815301076,1909f56bfc062723c751e8b465ee728b)
Start importing Assets/Simple city plain/Prefabs/Street 3 Prefab.prefab using Guid(2224b63330275e5478ef024b2913f937) Importer(815301076,1909f56bfc062723c751e8b465ee728b)  -> (artifact id: '7f6d64589e7f204af1d2634fea14fa94') in 0.017342 seconds 
========================================================================
Received Import Request.
  Time since last request: 0.499424 seconds.
  path: Assets/Simple city plain/Prefabs/street_lamp 1 prefab.prefab
  artifactKey: Guid(6825a3fe8a1605f42a0d0589e582ac40) Importer(815301076,1909f56bfc062723c751e8b465ee728b)
Start importing Assets/Simple city plain/Prefabs/street_lamp 1 prefab.prefab using Guid(6825a3fe8a1605f42a0d0589e582ac40) Importer(815301076,1909f56bfc062723c751e8b465ee728b)  -> (artifact id: '7772852338504a1d00ab36717f48b52b') in 0.014717 seconds 
========================================================================
Received Import Request.
  Time since last request: 2.943251 seconds.
  path: Assets/Simple city plain/Prefabs/Tree prefab.prefab
  artifactKey: Guid(1be61187b5d765449be824463642cb0f) Importer(815301076,1909f56bfc062723c751e8b465ee728b)
Start importing Assets/Simple city plain/Prefabs/Tree prefab.prefab using Guid(1be61187b5d765449be824463642cb0f) Importer(815301076,1909f56bfc062723c751e8b465ee728b)  -> (artifact id: '11450883b97ac3aeb62747d83b4d4eee') in 0.016649 seconds 
========================================================================
Received Import Request.
  Time since last request: 147.377728 seconds.
  path: Assets/Simple city plain/Prefabs/Shop_B_prefab.prefab
  artifactKey: Guid(9a52ba64c3a0abf49ad9515917ade04b) Importer(815301076,1909f56bfc062723c751e8b465ee728b)
Start importing Assets/Simple city plain/Prefabs/Shop_B_prefab.prefab using Guid(9a52ba64c3a0abf49ad9515917ade04b) Importer(815301076,1909f56bfc062723c751e8b465ee728b)  -> (artifact id: '153ad4408bcdb4d0d2b0ef62b21f20d7') in 0.031826 seconds 
========================================================================
Received Import Request.
  Time since last request: 211.014525 seconds.
  path: Assets/Simple city plain/Material & Texture/Material mesh
  artifactKey: Guid(c3579caf36429794f9ba06747eeab259) Importer(815301076,1909f56bfc062723c751e8b465ee728b)
Start importing Assets/Simple city plain/Material & Texture/Material mesh using Guid(c3579caf36429794f9ba06747eeab259) Importer(815301076,1909f56bfc062723c751e8b465ee728b)  -> (artifact id: '9785c1c4e39f45d7b3e4d3a1fc78e631') in 0.006363 seconds 
========================================================================
Received Import Request.
  Time since last request: 1.494178 seconds.
  path: Assets/Simple city plain/Material & Texture/Material mesh/Bench texture.png
  artifactKey: Guid(9a4a04b84933213428ed33e0c31813b7) Importer(815301076,1909f56bfc062723c751e8b465ee728b)
Start importing Assets/Simple city plain/Material & Texture/Material mesh/Bench texture.png using Guid(9a4a04b84933213428ed33e0c31813b7) Importer(815301076,1909f56bfc062723c751e8b465ee728b)  -> (artifact id: '8daf6ffdac0bf81b71104502e7cc5c0a') in 0.101689 seconds 
========================================================================
Received Import Request.
  Time since last request: 1.104100 seconds.
  path: Assets/Simple city plain/Material & Texture/Material mesh/big trash bin texture.png
  artifactKey: Guid(cb629d531f414f64288cca236d43f674) Importer(815301076,1909f56bfc062723c751e8b465ee728b)
Start importing Assets/Simple city plain/Material & Texture/Material mesh/big trash bin texture.png using Guid(cb629d531f414f64288cca236d43f674) Importer(815301076,1909f56bfc062723c751e8b465ee728b)  -> (artifact id: 'a69bafd87e915bfa59cb3fce440a9bad') in 0.011363 seconds 
========================================================================
Received Import Request.
  Time since last request: 1.320490 seconds.
  path: Assets/Simple city plain/Material & Texture/Material mesh/coke_machine_texture.png
  artifactKey: Guid(1936ed2defc3a7f4b906965a34d00aaf) Importer(815301076,1909f56bfc062723c751e8b465ee728b)
Start importing Assets/Simple city plain/Material & Texture/Material mesh/coke_machine_texture.png using Guid(1936ed2defc3a7f4b906965a34d00aaf) Importer(815301076,1909f56bfc062723c751e8b465ee728b)  -> (artifact id: '72e0b852f92ed78a8a4deae159880722') in 0.014775 seconds 
========================================================================
Received Import Request.
  Time since last request: 0.540461 seconds.
  path: Assets/Simple city plain/Material & Texture/Material mesh/dirt.png
  artifactKey: Guid(d90409e4a3fae7f46bbf0450da252846) Importer(815301076,1909f56bfc062723c751e8b465ee728b)
Start importing Assets/Simple city plain/Material & Texture/Material mesh/dirt.png using Guid(d90409e4a3fae7f46bbf0450da252846) Importer(815301076,1909f56bfc062723c751e8b465ee728b)  -> (artifact id: '15d7c830866aeb4f53ea7bc94ab49921') in 0.011482 seconds 
========================================================================
Received Import Request.
  Time since last request: 1.571462 seconds.
  path: Assets/Simple city plain/Material & Texture/Material mesh/Gas_pump_texture.png
  artifactKey: Guid(eb51553d840fc824a9b6b45fefb28750) Importer(815301076,1909f56bfc062723c751e8b465ee728b)
Start importing Assets/Simple city plain/Material & Texture/Material mesh/Gas_pump_texture.png using Guid(eb51553d840fc824a9b6b45fefb28750) Importer(815301076,1909f56bfc062723c751e8b465ee728b)  -> (artifact id: 'a5c6a5a4314b32eb606ce306772ab678') in 0.025982 seconds 
========================================================================
Received Import Request.
  Time since last request: 1.665881 seconds.
  path: Assets/Simple city plain/Material & Texture/Material mesh/grass.png
  artifactKey: Guid(761fcc9b74a11dc4097e656edc402314) Importer(815301076,1909f56bfc062723c751e8b465ee728b)
Start importing Assets/Simple city plain/Material & Texture/Material mesh/grass.png using Guid(761fcc9b74a11dc4097e656edc402314) Importer(815301076,1909f56bfc062723c751e8b465ee728b)  -> (artifact id: '9bb95b9f22907d8085c9e762de537598') in 0.010106 seconds 
========================================================================
Received Import Request.
  Time since last request: 0.778213 seconds.
  path: Assets/Simple city plain/Material & Texture/Material mesh/grid.png
  artifactKey: Guid(9922cb1c199ed85459518a9fea40e481) Importer(815301076,1909f56bfc062723c751e8b465ee728b)
Start importing Assets/Simple city plain/Material & Texture/Material mesh/grid.png using Guid(9922cb1c199ed85459518a9fea40e481) Importer(815301076,1909f56bfc062723c751e8b465ee728b)  -> (artifact id: '3a81fa68668d31e33094260e042ebd21') in 0.012073 seconds 
========================================================================
Received Import Request.
  Time since last request: 0.368702 seconds.
  path: Assets/Simple city plain/Material & Texture/Material mesh/leafes tree 1.png
  artifactKey: Guid(d77ac9832e1f7ce4e8ad8e45903243e6) Importer(815301076,1909f56bfc062723c751e8b465ee728b)
Start importing Assets/Simple city plain/Material & Texture/Material mesh/leafes tree 1.png using Guid(d77ac9832e1f7ce4e8ad8e45903243e6) Importer(815301076,1909f56bfc062723c751e8b465ee728b)  -> (artifact id: 'e6776d1d96e551fc39d73ee5ecaf7a50') in 0.011924 seconds 
========================================================================
Received Import Request.
  Time since last request: 0.338351 seconds.
  path: Assets/Simple city plain/Material & Texture/Material mesh/pot_plant_leaf.png
  artifactKey: Guid(cf21488ffdf03a249b361ac7b5f2d5f5) Importer(815301076,1909f56bfc062723c751e8b465ee728b)
Start importing Assets/Simple city plain/Material & Texture/Material mesh/pot_plant_leaf.png using Guid(cf21488ffdf03a249b361ac7b5f2d5f5) Importer(815301076,1909f56bfc062723c751e8b465ee728b)  -> (artifact id: 'aad499c561c805fa2727801587f9d544') in 0.010374 seconds 
========================================================================
Received Import Request.
  Time since last request: 0.931533 seconds.
  path: Assets/Simple city plain/Material & Texture/Material mesh/Shop_B_Texture.png
  artifactKey: Guid(2d0557711b6926441b57384036df45a9) Importer(815301076,1909f56bfc062723c751e8b465ee728b)
Start importing Assets/Simple city plain/Material & Texture/Material mesh/Shop_B_Texture.png using Guid(2d0557711b6926441b57384036df45a9) Importer(815301076,1909f56bfc062723c751e8b465ee728b)  -> (artifact id: '491ec44d99c2f4d60213b1e38a460404') in 0.025462 seconds 
========================================================================
Received Import Request.
  Time since last request: 20.805601 seconds.
  path: Assets/Simple city plain/Material & Texture/Material mesh/Sidewalk_texture.png
  artifactKey: Guid(1128a08027af2aa4eb774377b46c3064) Importer(815301076,1909f56bfc062723c751e8b465ee728b)
Start importing Assets/Simple city plain/Material & Texture/Material mesh/Sidewalk_texture.png using Guid(1128a08027af2aa4eb774377b46c3064) Importer(815301076,1909f56bfc062723c751e8b465ee728b)  -> (artifact id: '386ed72f13fed84d71409c73728d9269') in 0.012507 seconds 
========================================================================
Received Import Request.
  Time since last request: 4.312427 seconds.
  path: Assets/Simple city plain/Material & Texture/Material mesh/Street_03.png
  artifactKey: Guid(16380d10f7bec4543adccda1aeb700f0) Importer(815301076,1909f56bfc062723c751e8b465ee728b)
Start importing Assets/Simple city plain/Material & Texture/Material mesh/Street_03.png using Guid(16380d10f7bec4543adccda1aeb700f0) Importer(815301076,1909f56bfc062723c751e8b465ee728b)  -> (artifact id: '52541985c59bf4f1636b5b76a9279dc8') in 0.017270 seconds 
========================================================================
Received Import Request.
  Time since last request: 15.732922 seconds.
  path: Assets/Samples
  artifactKey: Guid(b5d01a7bc4a7a7c419c86351f3dc4056) Importer(815301076,1909f56bfc062723c751e8b465ee728b)
Start importing Assets/Samples using Guid(b5d01a7bc4a7a7c419c86351f3dc4056) Importer(815301076,1909f56bfc062723c751e8b465ee728b)  -> (artifact id: '6fe9a7af83637c9a70d977dca9810167') in 0.007219 seconds 
========================================================================
Received Import Request.
  Time since last request: 7.631588 seconds.
  path: Assets/Simple city plain/Mesh/Big_trash_bin.fbx
  artifactKey: Guid(221422f7266ae3249b686bbfb5989c70) Importer(815301076,1909f56bfc062723c751e8b465ee728b)
Start importing Assets/Simple city plain/Mesh/Big_trash_bin.fbx using Guid(221422f7266ae3249b686bbfb5989c70) Importer(815301076,1909f56bfc062723c751e8b465ee728b)  -> (artifact id: '95b444d6580abeb605b5410a3893a4cf') in 0.038263 seconds 
========================================================================
Received Import Request.
  Time since last request: 62.303224 seconds.
  path: Assets/Simple city plain/Prefabs/Building_N_Prefab.prefab
  artifactKey: Guid(bbad862e7e06efe4a8ad0346a53e3cde) Importer(815301076,1909f56bfc062723c751e8b465ee728b)
Start importing Assets/Simple city plain/Prefabs/Building_N_Prefab.prefab using Guid(bbad862e7e06efe4a8ad0346a53e3cde) Importer(815301076,1909f56bfc062723c751e8b465ee728b)  -> (artifact id: '9d07222e51306d609a63b090aa5a0c86') in 0.017559 seconds 
========================================================================
Received Import Request.
  Time since last request: 2104.727670 seconds.
  path: Assets/Fantasy Skybox FREE
  artifactKey: Guid(3deaf3de30a97914ea7ff832bb59c0ba) Importer(815301076,1909f56bfc062723c751e8b465ee728b)
Start importing Assets/Fantasy Skybox FREE using Guid(3deaf3de30a97914ea7ff832bb59c0ba) Importer(815301076,1909f56bfc062723c751e8b465ee728b)  -> (artifact id: 'e8ce94ff9adfe57b3226af5643f0da36') in 0.005609 seconds 
========================================================================
Received Import Request.
  Time since last request: 531.553880 seconds.
  path: Assets/European Buildings/Decorations/bench_1_v_2.prefab
  artifactKey: Guid(592f831c96636e542ae9ae1bb22feac2) Importer(815301076,1909f56bfc062723c751e8b465ee728b)
Start importing Assets/European Buildings/Decorations/bench_1_v_2.prefab using Guid(592f831c96636e542ae9ae1bb22feac2) Importer(815301076,1909f56bfc062723c751e8b465ee728b)  -> (artifact id: 'a9ad58437e24a86c952dded93e9d2ec5') in 0.016873 seconds 
========================================================================
Received Import Request.
  Time since last request: 4.473759 seconds.
  path: Assets/European Buildings/Decorations/bench_2_v_1.prefab
  artifactKey: Guid(441208d0311004f4e893fe3616c8de9b) Importer(815301076,1909f56bfc062723c751e8b465ee728b)
Start importing Assets/European Buildings/Decorations/bench_2_v_1.prefab using Guid(441208d0311004f4e893fe3616c8de9b) Importer(815301076,1909f56bfc062723c751e8b465ee728b)  -> (artifact id: '57378b752d09c7beb50b07e7d1eb2b9f') in 0.016361 seconds 
========================================================================
Received Import Request.
  Time since last request: 1.984738 seconds.
  path: Assets/European Buildings/FBX/bench_2_v_1.fbx
  artifactKey: Guid(cc76394d64b1712439fc00a055ecf92d) Importer(815301076,1909f56bfc062723c751e8b465ee728b)
Start importing Assets/European Buildings/FBX/bench_2_v_1.fbx using Guid(cc76394d64b1712439fc00a055ecf92d) Importer(815301076,1909f56bfc062723c751e8b465ee728b)  -> (artifact id: 'bac6ddebb244d5e2723beff99b6e0afd') in 0.018378 seconds 
========================================================================
Received Import Request.
  Time since last request: 50.189378 seconds.
  path: Assets/Fantasy Skybox FREE/Panoramics
  artifactKey: Guid(e0454b514da2ecd429e000f40050d4fa) Importer(815301076,1909f56bfc062723c751e8b465ee728b)
Start importing Assets/Fantasy Skybox FREE/Panoramics using Guid(e0454b514da2ecd429e000f40050d4fa) Importer(815301076,1909f56bfc062723c751e8b465ee728b)  -> (artifact id: 'c484673d0541d978c83e4850f634219e') in 0.005907 seconds 
========================================================================
Received Import Request.
  Time since last request: 0.806048 seconds.
  path: Assets/Fantasy Skybox FREE/Panoramics/FS002
  artifactKey: Guid(c862ef60191075042a6f4ac7dd6f19b1) Importer(815301076,1909f56bfc062723c751e8b465ee728b)
Start importing Assets/Fantasy Skybox FREE/Panoramics/FS002 using Guid(c862ef60191075042a6f4ac7dd6f19b1) Importer(815301076,1909f56bfc062723c751e8b465ee728b)  -> (artifact id: '400298d733d738fb905a1e2e1e57e851') in 0.006955 seconds 
========================================================================
Received Import Request.
  Time since last request: 1458.862236 seconds.
  path: Assets/Simple city plain/Prefabs/bench prefab.prefab
  artifactKey: Guid(80c5916b9606ce646be16611d9a06d13) Importer(815301076,1909f56bfc062723c751e8b465ee728b)
Start importing Assets/Simple city plain/Prefabs/bench prefab.prefab using Guid(80c5916b9606ce646be16611d9a06d13) Importer(815301076,1909f56bfc062723c751e8b465ee728b)  -> (artifact id: 'fceec312b7a86c9e954f5e2dd479ac02') in 0.015014 seconds 
========================================================================
Received Import Request.
  Time since last request: 591.767374 seconds.
  path: Assets/XRI
  artifactKey: Guid(382c278589b5856459722d1b44bd34f9) Importer(815301076,1909f56bfc062723c751e8b465ee728b)
Start importing Assets/XRI using Guid(382c278589b5856459722d1b44bd34f9) Importer(815301076,1909f56bfc062723c751e8b465ee728b)  -> (artifact id: '51144d10330c34f5e655958b69b8f735') in 0.005954 seconds 
========================================================================
Received Prepare
Registering precompiled user dll's ...
Registered in 0.011009 seconds.
Begin MonoManager ReloadAssembly
Native extension for WindowsStandalone target not found
Refreshing native plugins compatible for Editor in 1.54 ms, found 11 plugins.
Preloading 1 native plugins for Editor in 0.10 ms.
System.Reflection.TargetInvocationException: Exception has been thrown by the target of an invocation. ---> System.NullReferenceException: Object reference not set to an instance of an object
  at Unity.XR.Oculus.OculusLoader.AssetPathToAbsolutePath (System.String assetPath) [0x00048] in E:\Dev\!Uni\VR-Project\CMP3754M-VREnvironment\VR-Start-XRIT-2022-Unity2020\Library\PackageCache\com.unity.xr.oculus@1.12.1\Runtime\OculusLoader.cs:265 
  at Unity.XR.Oculus.OculusLoader.EditorLoadOVRPlugin () [0x0007b] in E:\Dev\!Uni\VR-Project\CMP3754M-VREnvironment\VR-Start-XRIT-2022-Unity2020\Library\PackageCache\com.unity.xr.oculus@1.12.1\Runtime\OculusLoader.cs:250 
  at (wrapper managed-to-native) System.Reflection.MonoMethod.InternalInvoke(System.Reflection.MonoMethod,object,object[],System.Exception&)
  at System.Reflection.MonoMethod.Invoke (System.Object obj, System.Reflection.BindingFlags invokeAttr, System.Reflection.Binder binder, System.Object[] parameters, System.Globalization.CultureInfo culture) [0x00032] in <695d1cc93cca45069c528c15c9fdd749>:0 
   --- End of inner exception stack trace ---
  at System.Reflection.MonoMethod.Invoke (System.Object obj, System.Reflection.BindingFlags invokeAttr, System.Reflection.Binder binder, System.Object[] parameters, System.Globalization.CultureInfo culture) [0x00048] in <695d1cc93cca45069c528c15c9fdd749>:0 
  at System.Reflection.MethodBase.Invoke (System.Object obj, System.Object[] parameters) [0x00000] in <695d1cc93cca45069c528c15c9fdd749>:0 
  at UnityEditor.EditorAssemblies.ProcessInitializeOnLoadMethodAttributes () [0x00047] in <744208b08e5641cc88f88825989c3044>:0 
UnityEngine.StackTraceUtility:ExtractStackTrace ()
UnityEngine.DebugLogHandler:LogFormat (UnityEngine.LogType,UnityEngine.Object,string,object[])
UnityEngine.Logger:Log (UnityEngine.LogType,object)
UnityEngine.Debug:LogError (object)
UnityEditor.EditorAssemblies:ProcessInitializeOnLoadMethodAttributes ()

Mono: successfully reloaded assembly
- Completed reload, in  1.230 seconds
Domain Reload Profiling:
	ReloadAssembly (1231ms)
		BeginReloadAssembly (152ms)
			ExecutionOrderSort (0ms)
			DisableScriptedObjects (5ms)
			BackupInstance (0ms)
			ReleaseScriptingObjects (0ms)
			CreateAndSetChildDomain (43ms)
		EndReloadAssembly (1005ms)
			LoadAssemblies (130ms)
			RebuildTransferFunctionScriptingTraits (0ms)
			SetupTypeCache (333ms)
			ReleaseScriptCaches (1ms)
			RebuildScriptCaches (43ms)
			SetupLoadedEditorAssemblies (391ms)
				LogAssemblyErrors (0ms)
				InitializePlatformSupportModulesInManaged (4ms)
				SetLoadedEditorAssemblies (1ms)
				RefreshPlugins (2ms)
				BeforeProcessingInitializeOnLoad (90ms)
				ProcessInitializeOnLoadAttributes (263ms)
				ProcessInitializeOnLoadMethodAttributes (29ms)
				AfterProcessingInitializeOnLoad (2ms)
				EditorAssembliesLoaded (0ms)
			ExecutionOrderSort2 (0ms)
			AwakeInstancesAfterBackupRestoration (1ms)
Platform modules already initialized, skipping
Switching build target platform(19) subTarget(0) extendedPlatform(0) -> platform(13) subTarget(524288) extendedPlatform(0)
Refreshing native plugins compatible for Editor in 1.31 ms, found 11 plugins.
Preloading 1 native plugins for Editor in 0.11 ms.
Unloading 2370 Unused Serialized files (Serialized files now loaded: 0)
System memory in use before: 105.5 MB.
System memory in use after: 105.7 MB.

Unloading 32 unused Assets to reduce memory usage. Loaded Objects now: 2845.
Total: 3.414500 ms (FindLiveObjects: 0.251900 ms CreateObjectMapping: 0.060400 ms MarkObjects: 3.066600 ms  DeleteObjects: 0.034100 ms)

AssetImportParameters requested are different than current active one (requested -> active):
  custom:framework-win-MediaFoundation: 216162199b28c13a410421893ffa2e32 -> 
  custom:video-decoder-ogg-theora: a1e56fd34408186e4bbccfd4996cb3dc -> 
  custom:container-muxer-webm: aa71ff27fc2769a1b78a27578f13a17b -> 
  custom:container-demuxer-webm: 4f35f7cbe854078d1ac9338744f61a02 -> 
  custom:container-demuxer-ogg: 62fdf1f143b41e24485cea50d1cbac27 -> 
  custom:video-encoder-webm-vp8: eb34c28f22e8b96e1ab97ce403110664 -> 
  custom:video-decoder-webm-vp8: 9c59270c3fd7afecdb556c50c9e8de78 -> 
  custom:graphics/normal-map-encoding: 01000000000000000000000000000000 -> 02000000000000000000000000000000
  custom:audio-decoder-ogg-vorbis: bf7c407c2cedff20999df2af8eb42d56 -> 
  custom:audio-encoder-webm-vorbis: bf7c407c2cedff20999df2af8eb42d56 -> 
========================================================================
Received Import Request.
  Time since last request: 1955.555448 seconds.
  path: Assets/Person
  artifactKey: Guid(171829e9b1c6acd499e4a7f49f122a01) Importer(815301076,1909f56bfc062723c751e8b465ee728b)
Start importing Assets/Person using Guid(171829e9b1c6acd499e4a7f49f122a01) Importer(815301076,1909f56bfc062723c751e8b465ee728b)  -> (artifact id: 'b68cb1998a4ec3b52d0847b613739960') in 0.007342 seconds 
========================================================================
Received Import Request.
  Time since last request: 62.697313 seconds.
  path: Assets/Person/Materials
  artifactKey: Guid(717e5d5c214709040a1c5fa570270664) Importer(815301076,1909f56bfc062723c751e8b465ee728b)
Start importing Assets/Person/Materials using Guid(717e5d5c214709040a1c5fa570270664) Importer(815301076,1909f56bfc062723c751e8b465ee728b)  -> (artifact id: '207d821d4ea4b9984f5e917b479e07e4') in 0.002096 seconds 
========================================================================
Received Import Request.
  Time since last request: 5.665846 seconds.
  path: Assets/Person/Textures
  artifactKey: Guid(192086c84a519854782798b8bbe2cbc6) Importer(815301076,1909f56bfc062723c751e8b465ee728b)
Start importing Assets/Person/Textures using Guid(192086c84a519854782798b8bbe2cbc6) Importer(815301076,1909f56bfc062723c751e8b465ee728b)  -> (artifact id: '068c67dc2f2bee0c9c3c424bfa4118ff') in 0.002497 seconds 
========================================================================
Received Import Request.
  Time since last request: 675.540521 seconds.
  path: Assets/XR
  artifactKey: Guid(a79017066b3620144995735b6fcf6b9c) Importer(815301076,1909f56bfc062723c751e8b465ee728b)
Start importing Assets/XR using Guid(a79017066b3620144995735b6fcf6b9c) Importer(815301076,1909f56bfc062723c751e8b465ee728b)  -> (artifact id: '4005569e7a3bb6da43c19fae3551469e') in 0.002567 seconds 
AssetImportWorkerClient::OnTransportError - code=2 error=End of file
